[22:30:33] [main/INFO]: Setting user: Player815
[22:30:36] [Client thread/INFO]: LWJGL Version: 2.9.1
[22:30:47] [Client thread/INFO]: Reloading ResourceManager: Default, FMLFileResourcePack:Forge Mod Loader, FMLFileResourcePack:Minecraft Forge, FMLFileResourcePack:Lithium-Mod
[22:30:48] [Sound Library Loader/INFO]: Sound engine started
[22:30:50] [Client thread/INFO]: Created: 16x16 textures/blocks-atlas
[22:30:50] [Client thread/INFO]: Created: 16x16 textures/items-atlas
[22:30:50] [Client thread/INFO]: Reloading ResourceManager: Default, FMLFileResourcePack:Forge Mod Loader, FMLFileResourcePack:Minecraft Forge, FMLFileResourcePack:Lithium-Mod
[22:30:51] [Client thread/INFO]: Created: 512x256 textures/blocks-atlas
[22:30:51] [Client thread/INFO]: Created: 512x256 textures/items-atlas
[22:30:52] [Sound Library Loader/INFO]: Sound engine started
[22:31:07] [Server thread/INFO]: Starting integrated minecraft server version 1.7.10
[22:31:07] [Server thread/INFO]: Generating keypair
[22:31:08] [Server thread/INFO]: Preparing start region for level 0
[22:31:09] [Server thread/INFO]: Preparing spawn area: 59%
[22:31:09] [Server thread/INFO]: Changing view distance to 2, from 10
[22:31:10] [Server thread/INFO]: Player815[local:E:b3c07d7a] logged in with entity id 433 at (9.161604083371616, 112.25905590057391, 261.0137570188193)
[22:31:10] [Server thread/INFO]: Player815 a rejoint la partie
[22:31:11] [Server thread/INFO]: Saving and pausing game...
[22:31:11] [Server thread/INFO]: Saving chunks for level 'Test-Lithium'/Overworld
[22:31:11] [Server thread/INFO]: Saving chunks for level 'Test-Lithium'/Nether
[22:31:11] [Server thread/INFO]: Saving chunks for level 'Test-Lithium'/The End
[22:31:13] [Server thread/WARN]: Can't keep up! Did the system time change, or is the server overloaded? Running 2033ms behind, skipping 40 tick(s)
[22:31:14] [Server thread/INFO]: Player815 vient d'obtenir le succès [Faire l'inventaire]
[22:31:14] [Client thread/INFO]: [CHAT] Player815 vient d'obtenir le succès [Faire l'inventaire]
[22:31:16] [pool-2-thread-1/WARN]: Couldn't look up profile properties for com.mojang.authlib.GameProfile@525d765d[id=41dc22e0-3e7d-3bce-88c0-a274eb3e3859,name=Player815,properties={},legacy=false]
com.mojang.authlib.exceptions.AuthenticationUnavailableException: Cannot contact authentication server
	at com.mojang.authlib.yggdrasil.YggdrasilAuthenticationService.makeRequest(YggdrasilAuthenticationService.java:71) ~[YggdrasilAuthenticationService.class:?]
	at com.mojang.authlib.yggdrasil.YggdrasilMinecraftSessionService.fillGameProfile(YggdrasilMinecraftSessionService.java:158) [YggdrasilMinecraftSessionService.class:?]
	at com.mojang.authlib.yggdrasil.YggdrasilMinecraftSessionService$1.load(YggdrasilMinecraftSessionService.java:53) [YggdrasilMinecraftSessionService$1.class:?]
	at com.mojang.authlib.yggdrasil.YggdrasilMinecraftSessionService$1.load(YggdrasilMinecraftSessionService.java:50) [YggdrasilMinecraftSessionService$1.class:?]
	at com.google.common.cache.LocalCache$LoadingValueReference.loadFuture(LocalCache.java:3524) [guava-17.0.jar:?]
	at com.google.common.cache.LocalCache$Segment.loadSync(LocalCache.java:2317) [guava-17.0.jar:?]
	at com.google.common.cache.LocalCache$Segment.lockedGetOrLoad(LocalCache.java:2280) [guava-17.0.jar:?]
	at com.google.common.cache.LocalCache$Segment.get(LocalCache.java:2195) [guava-17.0.jar:?]
	at com.google.common.cache.LocalCache.get(LocalCache.java:3934) [guava-17.0.jar:?]
	at com.google.common.cache.LocalCache.getOrLoad(LocalCache.java:3938) [guava-17.0.jar:?]
	at com.google.common.cache.LocalCache$LocalLoadingCache.get(LocalCache.java:4821) [guava-17.0.jar:?]
	at com.google.common.cache.LocalCache$LocalLoadingCache.getUnchecked(LocalCache.java:4827) [guava-17.0.jar:?]
	at com.mojang.authlib.yggdrasil.YggdrasilMinecraftSessionService.fillProfileProperties(YggdrasilMinecraftSessionService.java:148) [YggdrasilMinecraftSessionService.class:?]
	at net.minecraft.client.resources.SkinManager$3.run(SkinManager.java:133) [SkinManager$3.class:?]
	at java.util.concurrent.Executors$RunnableAdapter.call(Unknown Source) [?:1.8.0_271]
	at java.util.concurrent.FutureTask.run(Unknown Source) [?:1.8.0_271]
	at java.util.concurrent.ThreadPoolExecutor.runWorker(Unknown Source) [?:1.8.0_271]
	at java.util.concurrent.ThreadPoolExecutor$Worker.run(Unknown Source) [?:1.8.0_271]
	at java.lang.Thread.run(Unknown Source) [?:1.8.0_271]
Caused by: java.net.UnknownHostException: sessionserver.mojang.com
	at java.net.AbstractPlainSocketImpl.connect(Unknown Source) ~[?:1.8.0_271]
	at java.net.PlainSocketImpl.connect(Unknown Source) ~[?:1.8.0_271]
	at java.net.SocksSocketImpl.connect(Unknown Source) ~[?:1.8.0_271]
	at java.net.Socket.connect(Unknown Source) ~[?:1.8.0_271]
	at sun.security.ssl.SSLSocketImpl.connect(Unknown Source) ~[?:1.8.0_271]
	at sun.net.NetworkClient.doConnect(Unknown Source) ~[?:1.8.0_271]
	at sun.net.www.http.HttpClient.openServer(Unknown Source) ~[?:1.8.0_271]
	at sun.net.www.http.HttpClient.openServer(Unknown Source) ~[?:1.8.0_271]
	at sun.net.www.protocol.https.HttpsClient.<init>(Unknown Source) ~[?:1.8.0_271]
	at sun.net.www.protocol.https.HttpsClient.New(Unknown Source) ~[?:1.8.0_271]
	at sun.net.www.protocol.https.AbstractDelegateHttpsURLConnection.getNewHttpClient(Unknown Source) ~[?:1.8.0_271]
	at sun.net.www.protocol.http.HttpURLConnection.plainConnect0(Unknown Source) ~[?:1.8.0_271]
	at sun.net.www.protocol.http.HttpURLConnection$6.run(Unknown Source) ~[?:1.8.0_271]
	at sun.net.www.protocol.http.HttpURLConnection$6.run(Unknown Source) ~[?:1.8.0_271]
	at java.security.AccessController.doPrivileged(Native Method) ~[?:1.8.0_271]
	at java.security.AccessController.doPrivilegedWithCombiner(Unknown Source) ~[?:1.8.0_271]
	at sun.net.www.protocol.http.HttpURLConnection.plainConnect(Unknown Source) ~[?:1.8.0_271]
	at sun.net.www.protocol.https.AbstractDelegateHttpsURLConnection.connect(Unknown Source) ~[?:1.8.0_271]
	at sun.net.www.protocol.http.HttpURLConnection.getInputStream0(Unknown Source) ~[?:1.8.0_271]
	at sun.net.www.protocol.http.HttpURLConnection.access$200(Unknown Source) ~[?:1.8.0_271]
	at sun.net.www.protocol.http.HttpURLConnection$9.run(Unknown Source) ~[?:1.8.0_271]
	at sun.net.www.protocol.http.HttpURLConnection$9.run(Unknown Source) ~[?:1.8.0_271]
	at java.security.AccessController.doPrivileged(Native Method) ~[?:1.8.0_271]
	at java.security.AccessController.doPrivilegedWithCombiner(Unknown Source) ~[?:1.8.0_271]
	at sun.net.www.protocol.http.HttpURLConnection.getInputStream(Unknown Source) ~[?:1.8.0_271]
	at sun.net.www.protocol.https.HttpsURLConnectionImpl.getInputStream(Unknown Source) ~[?:1.8.0_271]
	at com.mojang.authlib.HttpAuthenticationService.performGetRequest(HttpAuthenticationService.java:126) ~[HttpAuthenticationService.class:?]
	at com.mojang.authlib.yggdrasil.YggdrasilAuthenticationService.makeRequest(YggdrasilAuthenticationService.java:54) ~[YggdrasilAuthenticationService.class:?]
	... 18 more
[22:31:55] [Server thread/INFO]: Saving and pausing game...
[22:31:55] [Server thread/INFO]: Saving chunks for level 'Test-Lithium'/Overworld
[22:31:55] [Server thread/INFO]: Saving chunks for level 'Test-Lithium'/Nether
[22:31:55] [Server thread/INFO]: Saving chunks for level 'Test-Lithium'/The End
[22:31:56] [Client thread/INFO]: Stopping!
[22:31:56] [Server thread/INFO]: Stopping server
[22:31:56] [Server thread/INFO]: Saving players
[22:31:56] [Server thread/INFO]: Saving worlds
[22:31:56] [Server thread/INFO]: Saving chunks for level 'Test-Lithium'/Overworld
[22:31:56] [Server thread/INFO]: Saving chunks for level 'Test-Lithium'/Nether
[22:31:56] [Server thread/INFO]: Saving chunks for level 'Test-Lithium'/The End
[22:31:56] [Client Shutdown Thread/INFO]: Stopping server
[22:31:56] [Client Shutdown Thread/INFO]: Saving players
[22:57:45] [main/INFO]: Setting user: Player131
[22:57:48] [Client thread/INFO]: LWJGL Version: 2.9.1
[22:58:07] [Client thread/INFO]: Reloading ResourceManager: Default, FMLFileResourcePack:Forge Mod Loade[22:58:11] [Client thread/INFO]: Reloading ResourceManager: Default, FMLFileResourcePack:Forge Mod Loader, FMLFileResourcePack:Minecraf[22:58:12] [Client thread/INFO]: Created: 16x16 textures/blocks-atlas
[22:58:12] [Client thread/INFO]: [22:58:16] [Client thread/INFO]: Created: 16x16 textures/blocks-atlas
[22:58:16] [Client thread/INFO]: Created: 16x16 textures/items-atlas
[22:58:16] [Client thread/INFO]: Reloading ResourceManager: Default, FMLFileResourcePack:Forge Mod Loader, FMLFileResourcePack:Minecraft Forge, FMLFileResourcePack:Lithium-Mod
[22:58:17] [Client thread/INFO]: Created: 512x256 textures/blocks-atlas
[22:58:17] [Client thread/INFO[22:59:18] [Client thread/INFO]: Connecting to 169.254.248.181, 4737
[22:59:24] [pool-2-thread-1/WARN]: Couldn't look up profile properties for com.mojang.authlib.GameProfile@1d8ac6f5[id=27903c96-6327-3ab4-9463-21017fd8955d,name=Player131,properties={},legacy=false]
com.mojang.authlib.exceptions.AuthenticationUnavailableException: Cannot contact authentication server
	at com.mojang.authlib.yggdrasil.YggdrasilAuthenticationService.makeRequest(YggdrasilAuthenticationService.java:71) ~[YggdrasilAuthenticationService.class:?]
	at com.mojang.authlib.yggdrasil.YggdrasilMinecraftSessionService.fillGameProfile(YggdrasilMinecraftSessionService.java:158) [YggdrasilMinecraftSessionService.class:?]
	at com.mojang.authlib.yggdrasil.YggdrasilMinecraftSessionService$1.load(YggdrasilMinecraftSessionService.java:53) [YggdrasilMinecraftSessionService$1.class:?]
	at com.mojang.authlib.yggdrasil.YggdrasilMinecraftSessionService$1.load(YggdrasilMinecraftSessionService.java:50) [YggdrasilMinecraftSessionService$1.class:?]
	at com.google.common.cache.LocalCache$LoadingValueReference.loadFuture(LocalCache.java:3524) [guava-17.0.jar:?]
	at com.google.common.cache.LocalCache$Segment.loadSync(LocalCache.java:2317) [guava-17.0.jar:?]
	at com.google.common.cache.LocalCache$Segment.lockedGetOrLoad(LocalCache.java:2280) [guava-17.0.jar:?]
	at com.google.common.cache.LocalCache$Segment.get(LocalCache.java:2195) [guava-17.0.jar:?]
	at com.google.common.cache.LocalCache.get(LocalCache.java:3934) [guava-17.0.jar:?]
	at com.google.common.cache.LocalCache.getOrLoad(LocalCache.java:3938) [guava-17.0.jar:?]
	at com.google.common.cache.LocalCache$LocalLoadingCache.get(LocalCache.java:4821) [guava-17.0.jar:?]
	at com.google.common.cache.LocalCache$LocalLoadingCache.getUnchecked(LocalCache.java:4827) [guava-17.0.jar:?]
	at com.mojang.authlib.yggdrasil.YggdrasilMinecraftSessionService.fillProfileProperties(YggdrasilMinecraftSessionService.java:148) [YggdrasilMinecraftSessionService.class:?]
	at net.minecraft.client.resources.SkinManager$3.run(SkinManager.java:133) [SkinManager$3.class:?]
	at java.util.concurrent.Executors$RunnableAdapter.call(Unknown Source) [?:1.8.0_271]
	at java.util.concurrent.FutureTask.run(Unknown Source) [?:1.8.0_271]
	at java.util.concurrent.ThreadPoolExecutor.runWorker(Unknown Source) [?:1.8.0_271]
	at java.util.concurrent.ThreadPoolExecutor$Worker.run(Unknown Source) [?:1.8.0_271]
	at java.lang.Thread.run(Unknown Source) [?:1.8.0_271]
Caused by: java.net.UnknownHostException: sessionserver.mojang.com
	at java.net.AbstractPlainSocketImpl.connect(Unknown Source) ~[?:1.8.0_271]
	at java.net.PlainSocketImpl.connect(Unknown Source) ~[?:1.8.0_271]
	at java.net.SocksSocketImpl.connect(Unknown Source) ~[?:1.8.0_271]
	at java.net.Socket.connect(Unknown Source) ~[?:1.8.0_271]
	at sun.security.ssl.SSLSocketImpl.connect(Unknown Source) ~[?:1.8.0_271]
	at sun.net.NetworkClient.doConnect(Unknown Source) ~[?:1.8.0_271]
	at sun.net.www.http.HttpClient.openServer(Unknown Source) ~[?:1.8.0_271]
	at sun.net.www.http.HttpClient.openServer(Unknown Source) ~[?:1.8.0_271]
	at sun.net.www.protocol.https.HttpsClient.<init>(Unknown Source) ~[?:1.8.0_271]
	at sun.net.www.protocol.https.HttpsClient.New(Unknown Source) ~[?:1.8.0_271]
	at sun.net.www.protocol.https.AbstractDelegateHttpsURLConnection.getNewHttpClient(Unknown Source) ~[?:1.8.0_271]
	at sun.net.www.protocol.http.HttpURLConnection.plainConnect0(Unknown Source) ~[?:1.8.0_271]
	at sun.net.www.protocol.http.HttpURLConnection$6.run(Unknown Source) ~[?:1.8.0_271]
	at sun.net.www.protocol.http.HttpURLConnection$6.run(Unknown Source) ~[?:1.8.0_271]
	at java.security.AccessController.doPrivileged(Native Method) ~[?:1.8.0_271]
	at java.security.AccessController.doPrivilegedWithCombiner(Unknown Source) ~[?:1.8.0_271]
	at sun.net.www.protocol.http.HttpURLConnection.plainConnect(Unknown Source) ~[?:1.8.0_271]
	at sun.net.www.protocol.https.AbstractDelegateHttpsURLConnection.connect(Unknown Source) ~[?:1.8.0_271]
	at sun.net.www.protocol.http.HttpURLConnection.getInputStream0(Unknown Source) ~[?:1.8.0_271]
	at sun.net.www.protocol.http.HttpURLConnection.access$200(Unknown Source) ~[?:1.8.0_271]
	at sun.net.www.protocol.http.HttpURLConnection$9.run(Unknown Source) ~[?:1.8.0_271]
	at sun.net.www.protocol.http.HttpURLConnection$9.run(Unknown Source) ~[?:1.8.0_271]
	at java.security.AccessController.doPrivileged(Native Method) ~[?:1.8.0_271]
	at java.security.AccessController.doPrivilegedWithCombiner(Unknown Source) ~[?:1.8.0_271]
	at sun.net.www.protocol.http.HttpURLConnection.getInputStream(Unknown Source) ~[?:1.8.0_271]
	at sun.net.www.protocol.https.HttpsURLConnectionImpl.getInputStream(Unknown Source) ~[?:1.8.0_271]
	at com.mojang.authlib.HttpAuthenticationService.performGetRequest(HttpAuthenticationService.java:126) ~[HttpAuthenticationService.class:?]
	at com.mojang.authlib.yggdrasil.YggdrasilAuthenticationService.makeRequest(YggdrasilAuthenticationService.java:54) ~[YggdrasilAuthenticationService.class:?]
	... 18 more
[22:59:29] [Client thread/INFO]: [CHAT] Player475, Player131
[22:59:31] [Client thread/WARN]: Unable to play unknown soundEvent: minecraft:mob.witch.idle
[22:59:31] [Client thread/INFO]: [CHAT] Player131 vient d'obtenir le succès [Faire l'inventaire]
[22:59:42] [Client thread/INFO]: [CHAT] Player475, Player131
[22:59:43] [Client thread/INFO]: [CHAT] Player131 s'est fait téléporter vers Player475
[23:02:19] [Client thread/INFO]: Stopping!
(Unknown Source) ~[?:1.8.0_271]
	at sun.net.www.protocol.https.HttpsURLConnectionImpl.getInputStream(Unknown Source) ~[?:1.8.0_271]
	at com.mojang.authlib.HttpAuthenticationService.performGetRequest(HttpAuthenticationService.java:126) ~[HttpAuthenticationService.class:?]
	at com.mojang.authlib.yggdrasil.YggdrasilAuthenticationService.makeRequest(YggdrasilAuthenticationService.java:54) ~[YggdrasilAuthenticationService.class:?]
	... 18 more
[22:59:12] [Client thread/INFO]: Started on 4737
[22:59:12] [Client thread/INFO]: [CHAT] Jeu local hébergé sur le port 4737
[22:59:22] [User Authenticator #1/WARN]: Authentication servers are down but will let them in anyway!
[22:59:23] [Server thread/INFO]: Player131[/169.254.248.181:4754] logged in with entity id 1062 at (9.5, 72.0, 269.5)
[22:59:23] [Server thread/INFO]: Player131 a rejoint la partie
[22:59:23] [Client thread/INFO]: [CHAT] Player131 a rejoint la partie
[22:59:31] [Server thread/INFO]: Player131 vient d'obtenir le succès [Faire l'inventaire]
[22:59:31] [Client thread/INFO]: [CHAT] Player131 vient d'obtenir le succès [Faire l'inventaire]
[22:59:43] [Server thread/INFO]: [Player131 : Player131 s'est fait téléporter vers Player475]
[22:59:43] [Client thread/INFO]: [CHAT] [Player131 : Player131 s'est fait téléporter vers Player475]
[23:02:19] [Server thread/INFO]: Player131 lost connection: TranslatableComponent{key='disconnect.genericReason', args=[Internal Exception: java.io.IOException: Une connexion existante a dû être fermée par l’hôte distant], siblings=[], style=Style{hasParent=false, color=null, bold=null, italic=null, underlined=null, obfuscated=null, clickEvent=null, hoverEvent=null}}
[23:02:19] [Server thread/INFO]: Player131 a quitté la partie
[23:02:19] [Client thread/INFO]: [CHAT] Player131 a quitté la partie
[23:02:24] [Server thread/INFO]: Player475 vient d'obtenir le succès [Faire l'inventaire]
[23:02:24] [Client thread/INFO]: [CHAT] Player475 vient d'obtenir le succès [Faire l'inventaire]
[23:04:31] [Client thread/WARN]: Failed to load texture: lithiummod:textures/models/armor/lithium-layer-2.png
java.io.FileNotFoundException: lithiummod:textures/models/armor/lithium-layer-2.png
	at net.minecraft.client.resources.FallbackResourceManager.getResource(FallbackResourceManager.java:65) ~[FallbackResourceManager.class:?]
	at net.minecraft.client.resources.SimpleReloadableResourceManager.getResource(SimpleReloadableResourceManager.java:67) ~[SimpleReloadableResourceManager.class:?]
	at net.minecraft.client.renderer.texture.SimpleTexture.loadTexture(SimpleTexture.java:35) ~[SimpleTexture.class:?]
	at net.minecraft.client.renderer.texture.TextureManager.loadTexture(TextureManager.java:89) [TextureManager.class:?]
	at net.minecraft.client.renderer.texture.TextureManager.bindTexture(TextureManager.java:45) [TextureManager.class:?]
	at net.minecraft.client.renderer.entity.Render.bindTexture(Render.java:60) [Render.class:?]
	at net.minecraft.client.renderer.entity.RenderPlayer.shouldRenderPass(RenderPlayer.java:70) [RenderPlayer.class:?]
	at net.minecraft.client.renderer.entity.RenderPlayer.shouldRenderPass(RenderPlayer.java:517) [RenderPlayer.class:?]
	at net.minecraft.client.renderer.entity.RendererLivingEntity.doRender(RendererLivingEntity.java:173) [RendererLivingEntity.class:?]
	at net.minecraft.client.renderer.entity.RenderPlayer.doRender(RenderPlayer.java:167) [RenderPlayer.class:?]
	at net.minecraft.client.renderer.entity.RenderPlayer.doRender(RenderPlayer.java:565) [RenderPlayer.class:?]
	at net.minecraft.client.renderer.entity.RenderManager.func_147939_a(RenderManager.java:300) [RenderManager.class:?]
	at net.minecraft.client.renderer.entity.RenderManager.renderEntityWithPosYaw(RenderManager.java:283) [RenderManager.class:?]
	at net.minecraft.client.gui.inventory.GuiInventory.func_147046_a(GuiInventory.java:112) [GuiInventory.class:?]
	at net.minecraft.client.gui.inventory.GuiContainerCreative.drawGuiContainerBackgroundLayer(GuiContainerCreative.java:839) [GuiContainerCreative.class:?]
	at net.minecraft.client.gui.inventory.GuiContainer.drawScreen(GuiContainer.java:93) [GuiContainer.class:?]
	at net.minecraft.client.renderer.InventoryEffectRenderer.drawScreen(InventoryEffectRenderer.java:44) [InventoryEffectRenderer.class:?]
	at net.minecraft.client.gui.inventory.GuiContainerCreative.drawScreen(GuiContainerCreative.java:673) [GuiContainerCreative.class:?]
	at net.minecraft.client.renderer.EntityRenderer.updateCameraAndRender(EntityRenderer.java:1137) [EntityRenderer.class:?]
	at net.minecraft.client.Minecraft.runGameLoop(Minecraft.java:1067) [Minecraft.class:?]
	at net.minecraft.client.Minecraft.run(Minecraft.java:962) [Minecraft.class:?]
	at net.minecraft.client.main.Main.main(Main.java:164) [Main.class:?]
	at sun.reflect.NativeMethodAccessorImpl.invoke0(Native Method) ~[?:1.8.0_271]
	at sun.reflect.NativeMethodAccessorImpl.invoke(Unknown Source) ~[?:1.8.0_271]
	at sun.reflect.DelegatingMethodAccessorImpl.invoke(Unknown Source) ~[?:1.8.0_271]
	at java.lang.reflect.Method.invoke(Unknown Source) ~[?:1.8.0_271]
	at net.minecraft.launchwrapper.Launch.launch(Launch.java:135) [launchwrapper-1.12.jar:?]
	at net.minecraft.launchwrapper.Launch.main(Launch.java:28) [launchwrapper-1.12.jar:?]
	at net.minecraftforge.gradle.GradleStartCommon.launch(Unknown Source) [start/:?]
	at GradleStart.main(Unknown Source) [start/:?]
[23:05:05] [Server thread/INFO]: [Player475 : Changement de votre propre mode de jeu en Mode Survie]
[23:05:05] [Client thread/INFO]: [CHAT] Votre mode de jeu a été mis à jour
[23:05:07] [Server thread/INFO]: [Player475 : Changement de votre propre mode de jeu en Mode Créatif]
[23:05:07] [Client thread/INFO]: [CHAT] Votre mode de jeu a été mis à jour
[23:05:17] [Server thread/INFO]: [Player475 : Changement de votre propre mode de jeu en Mode Survie]
[23:05:17] [Client thread/INFO]: [CHAT] Votre mode de jeu a été mis à jour
[23:05:26] [Server thread/INFO]: [Player475 : Entité invoquée avec succès]
[23:05:26] [Client thread/INFO]: [CHAT] Entité invoquée avec succès
[23:05:45] [Server thread/INFO]: [Player475 : Changement de votre propre mode de jeu en Mode Créatif]
[23:05:45] [Client thread/INFO]: [CHAT] Votre mode de jeu a été mis à jour
[23:06:31] [Client thread/INFO]: Stopping!
[23:06:31] [Server thread/INFO]: Stopping server
[23:06:31] [Server thread/INFO]: Saving players
[23:06:31] [Server thread/INFO]: Saving worlds
[23:06:31] [Server thread/INFO]: Saving chunks for level 'Test-Lithium'/Overworld
[23:06:31] [Server thread/INFO]: Saving chunks for level 'Test-Lithium'/Nether
[23:06:31] [Server thread/INFO]: Saving chunks for level 'Test-Lithium'/The End
[23:06:31] [Client Shutdown Thread/INFO]: Stopping server
[23:06:31] [Client Shutdown Thread/INFO]: Saving players
[13:12:56] [main/INFO]: Setting user: Player247
