[15:34:48] [main/INFO]: Setting user: Player348
[15:34:50] [Client thread/INFO]: LWJGL Version: 2.9.1
[15:35:01] [Client thread/INFO]: Reloading ResourceManager: Default, FMLFileResourcePack:Forge Mod Loader, FMLFileResourcePack:Minecraft Forge, FMLFileResourcePack:Lithium-Mod
[15:35:02] [Sound Library Loader/INFO]: Sound engine started
[15:35:04] [Client thread/INFO]: Created: 16x16 textures/blocks-atlas
[15:35:04] [Client thread/INFO]: Created: 16x16 textures/items-atlas
[15:35:04] [Client thread/INFO]: Reloading ResourceManager: Default, FMLFileResourcePack:Forge Mod Loader, FMLFileResourcePack:Minecraft Forge, FMLFileResourcePack:Lithium-Mod
[15:35:05] [Client thread/INFO]: Created: 512x256 textures/blocks-atlas
[15:35:05] [Client thread/INFO]: Created: 512x256 textures/items-atlas
[15:35:06] [Sound Library Loader/INFO]: Sound engine started
[15:35:24] [Server thread/INFO]: Starting integrated minecraft server version 1.7.10
[15:35:24] [Server thread/INFO]: Generating keypair
[15:35:25] [Server thread/INFO]: Preparing start region for level 0
[15:35:26] [Server thread/INFO]: Preparing spawn area: 48%
[15:35:26] [Server thread/INFO]: Changing view distance to 2, from 10
[15:35:27] [Server thread/INFO]: Player348[local:E:eb27a9b0] logged in with entity id 425 at (11.761422311400061, 113.766240090322, 270.07925524360815)
[15:35:27] [Server thread/INFO]: Player348 a rejoint la partie
[15:35:35] [Server thread/INFO]: Player348 vient d'obtenir le succès [Faire l'inventaire]
[15:35:35] [Client thread/INFO]: [CHAT] Player348 vient d'obtenir le succès [Faire l'inventaire]
[15:35:37] [Client thread/WARN]: Failed to load texture: lithiummod:textures/models/armor/lithium-layer-2.png
java.io.FileNotFoundException: lithiummod:textures/models/armor/lithium-layer-2.png
	at net.minecraft.client.resources.FallbackResourceManager.getResource(FallbackResourceManager.java:65) ~[FallbackResourceManager.class:?]
	at net.minecraft.client.resources.SimpleReloadableResourceManager.getResource(SimpleReloadableResourceManager.java:67) ~[SimpleReloadableResourceManager.class:?]
	at net.minecraft.client.renderer.texture.SimpleTexture.loadTexture(SimpleTexture.java:35) ~[SimpleTexture.class:?]
	at net.minecraft.client.renderer.texture.TextureManager.loadTexture(TextureManager.java:89) [TextureManager.class:?]
	at net.minecraft.client.renderer.texture.TextureManager.bindTexture(TextureManager.java:45) [TextureManager.class:?]
	at net.minecraft.client.renderer.entity.Render.bindTexture(Render.java:60) [Render.class:?]
	at net.minecraft.client.renderer.entity.RenderPlayer.shouldRenderPass(RenderPlayer.java:70) [RenderPlayer.class:?]
	at net.minecraft.client.renderer.entity.RenderPlayer.shouldRenderPass(RenderPlayer.java:517) [RenderPlayer.class:?]
	at net.minecraft.client.renderer.entity.RendererLivingEntity.doRender(RendererLivingEntity.java:173) [RendererLivingEntity.class:?]
	at net.minecraft.client.renderer.entity.RenderPlayer.doRender(RenderPlayer.java:167) [RenderPlayer.class:?]
	at net.minecraft.client.renderer.entity.RenderPlayer.doRender(RenderPlayer.java:565) [RenderPlayer.class:?]
	at net.minecraft.client.renderer.entity.RenderManager.func_147939_a(RenderManager.java:300) [RenderManager.class:?]
	at net.minecraft.client.renderer.entity.RenderManager.renderEntityWithPosYaw(RenderManager.java:283) [RenderManager.class:?]
	at net.minecraft.client.gui.inventory.GuiInventory.func_147046_a(GuiInventory.java:112) [GuiInventory.class:?]
	at net.minecraft.client.gui.inventory.GuiContainerCreative.drawGuiContainerBackgroundLayer(GuiContainerCreative.java:839) [GuiContainerCreative.class:?]
	at net.minecraft.client.gui.inventory.GuiContainer.drawScreen(GuiContainer.java:93) [GuiContainer.class:?]
	at net.minecraft.client.renderer.InventoryEffectRenderer.drawScreen(InventoryEffectRenderer.java:44) [InventoryEffectRenderer.class:?]
	at net.minecraft.client.gui.inventory.GuiContainerCreative.drawScreen(GuiContainerCreative.java:673) [GuiContainerCreative.class:?]
	at net.minecraft.client.renderer.EntityRenderer.updateCameraAndRender(EntityRenderer.java:1137) [EntityRenderer.class:?]
	at net.minecraft.client.Minecraft.runGameLoop(Minecraft.java:1067) [Minecraft.class:?]
	at net.minecraft.client.Minecraft.run(Minecraft.java:962) [Minecraft.class:?]
	at net.minecraft.client.main.Main.main(Main.java:164) [Main.class:?]
	at sun.reflect.NativeMethodAccessorImpl.invoke0(Native Method) ~[?:1.8.0_271]
	at sun.reflect.NativeMethodAccessorImpl.invoke(Unknown Source) ~[?:1.8.0_271]
	at sun.reflect.DelegatingMethodAccessorImpl.invoke(Unknown Source) ~[?:1.8.0_271]
	at java.lang.reflect.Method.invoke(Unknown Source) ~[?:1.8.0_271]
	at net.minecraft.launchwrapper.Launch.launch(Launch.java:135) [launchwrapper-1.12.jar:?]
	at net.minecraft.launchwrapper.Launch.main(Launch.java:28) [launchwrapper-1.12.jar:?]
	at net.minecraftforge.gradle.GradleStartCommon.launch(Unknown Source) [start/:?]
	at GradleStart.main(Unknown Source) [start/:?]
[15:36:51] [Server thread/INFO]: Saving and pausing game...
[15:36:51] [Server thread/INFO]: Saving chunks for level 'Test-Lithium'/Overworld
[15:36:51] [Server thread/INFO]: Saving chunks for level 'Test-Lithium'/Nether
[15:36:51] [Server thread/INFO]: Saving chunks for level 'Test-Lithium'/The End
[15:37:23] [Client thread/INFO]: Stopping!
[15:37:23] [Server thread/INFO]: Stopping server
[15:37:23] [Server thread/INFO]: Saving players
[15:37:23] [Server thread/INFO]: Saving worlds
[15:37:23] [Server thread/INFO]: Saving chunks for level 'Test-Lithium'/Overworld
[15:37:23] [Server thread/INFO]: Saving chunks for level 'Test-Lithium'/Nether
[15:37:23] [Server thread/INFO]: Saving chunks for level 'Test-Lithium'/The End
[16:01:30] [main/INFO]: Setting user: Player905
[16:01:36] [Client thread/INFO]: LWJGL Version: 2[16:01[16:01:53] [Client thread/INFO]: Reloading Resour[16:01:54] [Client thread/INFO]: Reloading ResourceManager: Default, FMLFileResourcePack:Forge Mod Loader, FMLFileResourcePack:M[16:01:54] [Sound Library Loader/INFO]: Sound eng[16:01:55] [S[16:01:57] [Client thread/INFO]: Created: 16x16 t[16:01:59] [Client thread/INFO]: Created: 16x16 textures/blocks-atlas
[16:01:59] [Client thread/INFO]: Created: 16x16 textures/items-atlas
[16:01:59] [Client thread/INFO]: Reloading ResourceManager: Default, FMLFileResourcePack:Forge Mod Loader, FMLFileResourcePack:Minecraft Forge, FMLFileResourcePack:Lithium-Mod
[16:02:01] [Client thread/INFO]: Created: 512x256 textures/blocks-atlas
[16:02:01] [Client thre[16:02:01] [Sound Library Loader/INFO]: Sound eng[16:02:02] [S[16:02:34] [Server thread/INFO]: Starting integra[16:02:52] [Client thread/INFO]: Connecting to 169.254.248.181, 6750
[16:03:53] [Client thread/INFO]: [CHAT] Player642 vient d'obtenir le succès [Faire l'inventaire]
[16:04:15] [Client thread/INFO]: [CHAT] Player905 vient d'obtenir le succès [Faire l'inventaire]
[16:09:03] [Client thread/INFO]: Stopping!
ead/INFO]: Player905[local:E:de62d479] logged in with entity id 437 at (12.963256893531932, 112.8937886718252, 263.37266210819695)
[16:02:39] [Server thread/INFO]: Player905 a rejoint la partie
[16:02:41] [Server thread/INFO]: Saving and pausing game...
[16:02:41] [Server thread/INFO]: Saving chunks for level 'Test-Lithium'/Overworld
[16:02:43] [Server thread/INFO]: Saving chunks for level 'Test-Lithium'/Nether
[16:02:43] [Server thread/INFO]: Saving chunks for level 'Test-Lithium'/The End
[16:02:43] [Server thread/WARN]: Can't keep up! Did the system time change, or is the server overloaded? Running 2733ms behind, skipping 54 tick(s)
[16:02:49] [Client thread/INFO]: Started on 6750
[16:02:49] [Client thread/INFO]: [CHAT] Jeu local hébergé sur le port 6750
[16:02:57] [User Authenticator #1/WARN]: Failed to verify username but will let them in anyway!
[16:02:57] [Server thread/INFO]: Player642[/169.254.248.181:6768] logged in with entity id 1328 at (14.5, 75.0, 272.5)
[16:02:57] [Server thread/INFO]: Player642 a rejoint la partie
[16:02:57] [Client thread/INFO]: [CHAT] Player642 a rejoint la partie
[16:03:53] [Server thread/INFO]: Player642 vient d'obtenir le succès [Faire l'inventaire]
[16:03:53] [Client thread/INFO]: [CHAT] Player642 vient d'obtenir le succès [Faire l'inventaire]
[16:04:15] [Server thread/INFO]: Player905 vient d'obtenir le succès [Faire l'inventaire]
[16:04:15] [Client thread/INFO]: [CHAT] Player905 vient d'obtenir le succès [Faire l'inventaire]
[16:09:01] [Client thread/INFO]: Stopping!
[16:09:01] [Server thread/INFO]: Stopping server
[16:09:01] [Server thread/INFO]: Saving players
[16:09:01] [Server thread/INFO]: Saving worlds
[16:09:01] [Server thread/INFO]: Saving chunks for level 'Test-Lithium'/Overworld
[16:09:01] [Server thread/INFO]: Saving chunks for level 'Test-Lithium'/Nether
[16:09:01] [Server thread/INFO]: Saving chunks for level 'Test-Lithium'/The End
[16:09:01] [Client Shutdown Thread/INFO]: Stopping server
[16:09:01] [Client Shutdown Thread/INFO]: Saving players
