[14:36:06] [main/INFO]: Setting user: Player617
[14:36:08] [Client thread/INFO]: LWJGL Version: 2.9.1
[14:36:20] [Client thread/INFO]: Reloading ResourceManager: Default, FMLFileResourcePack:Forge Mod Loader, FMLFileResourcePack:Minecraft Forge, FMLFileResourcePack:Lithium-Mod
[14:36:21] [Sound Library Loader/INFO]: Sound engine started
[14:36:24] [Client thread/INFO]: Created: 16x16 textures/blocks-atlas
[14:36:24] [Client thread/INFO]: Created: 16x16 textures/items-atlas
[14:36:24] [Client thread/INFO]: Reloading ResourceManager: Default, FMLFileResourcePack:Forge Mod Loader, FMLFileResourcePack:Minecraft Forge, FMLFileResourcePack:Lithium-Mod
[14:36:24] [Client thread/INFO]: Created: 512x256 textures/blocks-atlas
[14:36:25] [Client thread/INFO]: Created: 512x256 textures/items-atlas
[14:36:25] [Sound Library Loader/INFO]: Sound engine started
[14:37:01] [Server thread/INFO]: Starting integrated minecraft server version 1.7.10
[14:37:01] [Server thread/INFO]: Generating keypair
[14:37:02] [Server thread/INFO]: Preparing start region for level 0
[14:37:03] [Server thread/INFO]: Preparing spawn area: 45%
[14:37:04] [Server thread/INFO]: Changing view distance to 2, from 10
[14:37:05] [Server thread/INFO]: Player617[local:E:52ecde9e] logged in with entity id 469 at (12.718299375571686, 113.06562804438988, 263.723932132301)
[14:37:05] [Server thread/INFO]: Player617 a rejoint la partie
[14:37:12] [pool-2-thread-1/WARN]: Couldn't look up profile properties for com.mojang.authlib.GameProfile@72ee3b12[id=99963b1e-252d-3ba6-8126-9071dd762e6c,name=Player617,properties={},legacy=false]
com.mojang.authlib.exceptions.AuthenticationUnavailableException: Cannot contact authentication server
	at com.mojang.authlib.yggdrasil.YggdrasilAuthenticationService.makeRequest(YggdrasilAuthenticationService.java:71) ~[YggdrasilAuthenticationService.class:?]
	at com.mojang.authlib.yggdrasil.YggdrasilMinecraftSessionService.fillGameProfile(YggdrasilMinecraftSessionService.java:158) [YggdrasilMinecraftSessionService.class:?]
	at com.mojang.authlib.yggdrasil.YggdrasilMinecraftSessionService$1.load(YggdrasilMinecraftSessionService.java:53) [YggdrasilMinecraftSessionService$1.class:?]
	at com.mojang.authlib.yggdrasil.YggdrasilMinecraftSessionService$1.load(YggdrasilMinecraftSessionService.java:50) [YggdrasilMinecraftSessionService$1.class:?]
	at com.google.common.cache.LocalCache$LoadingValueReference.loadFuture(LocalCache.java:3524) [guava-17.0.jar:?]
	at com.google.common.cache.LocalCache$Segment.loadSync(LocalCache.java:2317) [guava-17.0.jar:?]
	at com.google.common.cache.LocalCache$Segment.lockedGetOrLoad(LocalCache.java:2280) [guava-17.0.jar:?]
	at com.google.common.cache.LocalCache$Segment.get(LocalCache.java:2195) [guava-17.0.jar:?]
	at com.google.common.cache.LocalCache.get(LocalCache.java:3934) [guava-17.0.jar:?]
	at com.google.common.cache.LocalCache.getOrLoad(LocalCache.java:3938) [guava-17.0.jar:?]
	at com.google.common.cache.LocalCache$LocalLoadingCache.get(LocalCache.java:4821) [guava-17.0.jar:?]
	at com.google.common.cache.LocalCache$LocalLoadingCache.getUnchecked(LocalCache.java:4827) [guava-17.0.jar:?]
	at com.mojang.authlib.yggdrasil.YggdrasilMinecraftSessionService.fillProfileProperties(YggdrasilMinecraftSessionService.java:148) [YggdrasilMinecraftSessionService.class:?]
	at net.minecraft.client.resources.SkinManager$3.run(SkinManager.java:133) [SkinManager$3.class:?]
	at java.util.concurrent.Executors$RunnableAdapter.call(Unknown Source) [?:1.8.0_271]
	at java.util.concurrent.FutureTask.run(Unknown Source) [?:1.8.0_271]
	at java.util.concurrent.ThreadPoolExecutor.runWorker(Unknown Source) [?:1.8.0_271]
	at java.util.concurrent.ThreadPoolExecutor$Worker.run(Unknown Source) [?:1.8.0_271]
	at java.lang.Thread.run(Unknown Source) [?:1.8.0_271]
Caused by: java.net.UnknownHostException: sessionserver.mojang.com
	at java.net.AbstractPlainSocketImpl.connect(Unknown Source) ~[?:1.8.0_271]
	at java.net.PlainSocketImpl.connect(Unknown Source) ~[?:1.8.0_271]
	at java.net.SocksSocketImpl.connect(Unknown Source) ~[?:1.8.0_271]
	at java.net.Socket.connect(Unknown Source) ~[?:1.8.0_271]
	at sun.security.ssl.SSLSocketImpl.connect(Unknown Source) ~[?:1.8.0_271]
	at sun.net.NetworkClient.doConnect(Unknown Source) ~[?:1.8.0_271]
	at sun.net.www.http.HttpClient.openServer(Unknown Source) ~[?:1.8.0_271]
	at sun.net.www.http.HttpClient.openServer(Unknown Source) ~[?:1.8.0_271]
	at sun.net.www.protocol.https.HttpsClient.<init>(Unknown Source) ~[?:1.8.0_271]
	at sun.net.www.protocol.https.HttpsClient.New(Unknown Source) ~[?:1.8.0_271]
	at sun.net.www.protocol.https.AbstractDelegateHttpsURLConnection.getNewHttpClient(Unknown Source) ~[?:1.8.0_271]
	at sun.net.www.protocol.http.HttpURLConnection.plainConnect0(Unknown Source) ~[?:1.8.0_271]
	at sun.net.www.protocol.http.HttpURLConnection$6.run(Unknown Source) ~[?:1.8.0_271]
	at sun.net.www.protocol.http.HttpURLConnection$6.run(Unknown Source) ~[?:1.8.0_271]
	at java.security.AccessController.doPrivileged(Native Method) ~[?:1.8.0_271]
	at java.security.AccessController.doPrivilegedWithCombiner(Unknown Source) ~[?:1.8.0_271]
	at sun.net.www.protocol.http.HttpURLConnection.plainConnect(Unknown Source) ~[?:1.8.0_271]
	at sun.net.www.protocol.https.AbstractDelegateHttpsURLConnection.connect(Unknown Source) ~[?:1.8.0_271]
	at sun.net.www.protocol.http.HttpURLConnection.getInputStream0(Unknown Source) ~[?:1.8.0_271]
	at sun.net.www.protocol.http.HttpURLConnection.access$200(Unknown Source) ~[?:1.8.0_271]
	at sun.net.www.protocol.http.HttpURLConnection$9.run(Unknown Source) ~[?:1.8.0_271]
	at sun.net.www.protocol.http.HttpURLConnection$9.run(Unknown Source) ~[?:1.8.0_271]
	at java.security.AccessController.doPrivileged(Native Method) ~[?:1.8.0_271]
	at java.security.AccessController.doPrivilegedWithCombiner(Unknown Source) ~[?:1.8.0_271]
	at sun.net.www.protocol.http.HttpURLConnection.getInputStream(Unknown Source) ~[?:1.8.0_271]
	at sun.net.www.protocol.https.HttpsURLConnectionImpl.getInputStream(Unknown Source) ~[?:1.8.0_271]
	at com.mojang.authlib.HttpAuthenticationService.performGetRequest(HttpAuthenticationService.java:126) ~[HttpAuthenticationService.class:?]
	at com.mojang.authlib.yggdrasil.YggdrasilAuthenticationService.makeRequest(YggdrasilAuthenticationService.java:54) ~[YggdrasilAuthenticationService.class:?]
	... 18 more
[14:37:13] [Server thread/INFO]: Player617 vient d'obtenir le succès [Faire l'inventaire]
[14:37:13] [Client thread/INFO]: [CHAT] Player617 vient d'obtenir le succès [Faire l'inventaire]
[14:38:16] [Client thread/WARN]: Failed to load texture: lithiummod:textures/models/armor/lithium-layer-2.png
java.io.FileNotFoundException: lithiummod:textures/models/armor/lithium-layer-2.png
	at net.minecraft.client.resources.FallbackResourceManager.getResource(FallbackResourceManager.java:65) ~[FallbackResourceManager.class:?]
	at net.minecraft.client.resources.SimpleReloadableResourceManager.getResource(SimpleReloadableResourceManager.java:67) ~[SimpleReloadableResourceManager.class:?]
	at net.minecraft.client.renderer.texture.SimpleTexture.loadTexture(SimpleTexture.java:35) ~[SimpleTexture.class:?]
	at net.minecraft.client.renderer.texture.TextureManager.loadTexture(TextureManager.java:89) [TextureManager.class:?]
	at net.minecraft.client.renderer.texture.TextureManager.bindTexture(TextureManager.java:45) [TextureManager.class:?]
	at net.minecraft.client.renderer.entity.Render.bindTexture(Render.java:60) [Render.class:?]
	at net.minecraft.client.renderer.entity.RenderPlayer.shouldRenderPass(RenderPlayer.java:70) [RenderPlayer.class:?]
	at net.minecraft.client.renderer.entity.RenderPlayer.shouldRenderPass(RenderPlayer.java:517) [RenderPlayer.class:?]
	at net.minecraft.client.renderer.entity.RendererLivingEntity.doRender(RendererLivingEntity.java:173) [RendererLivingEntity.class:?]
	at net.minecraft.client.renderer.entity.RenderPlayer.doRender(RenderPlayer.java:167) [RenderPlayer.class:?]
	at net.minecraft.client.renderer.entity.RenderPlayer.doRender(RenderPlayer.java:565) [RenderPlayer.class:?]
	at net.minecraft.client.renderer.entity.RenderManager.func_147939_a(RenderManager.java:300) [RenderManager.class:?]
	at net.minecraft.client.renderer.entity.RenderManager.renderEntityStatic(RenderManager.java:278) [RenderManager.class:?]
	at net.minecraft.client.renderer.entity.RenderManager.renderEntitySimple(RenderManager.java:251) [RenderManager.class:?]
	at net.minecraft.client.renderer.RenderGlobal.renderEntities(RenderGlobal.java:527) [RenderGlobal.class:?]
	at net.minecraft.client.renderer.EntityRenderer.renderWorld(EntityRenderer.java:1300) [EntityRenderer.class:?]
	at net.minecraft.client.renderer.EntityRenderer.updateCameraAndRender(EntityRenderer.java:1087) [EntityRenderer.class:?]
	at net.minecraft.client.Minecraft.runGameLoop(Minecraft.java:1067) [Minecraft.class:?]
	at net.minecraft.client.Minecraft.run(Minecraft.java:962) [Minecraft.class:?]
	at net.minecraft.client.main.Main.main(Main.java:164) [Main.class:?]
	at sun.reflect.NativeMethodAccessorImpl.invoke0(Native Method) ~[?:1.8.0_271]
	at sun.reflect.NativeMethodAccessorImpl.invoke(Unknown Source) ~[?:1.8.0_271]
	at sun.reflect.DelegatingMethodAccessorImpl.invoke(Unknown Source) ~[?:1.8.0_271]
	at java.lang.reflect.Method.invoke(Unknown Source) ~[?:1.8.0_271]
	at net.minecraft.launchwrapper.Launch.launch(Launch.java:135) [launchwrapper-1.12.jar:?]
	at net.minecraft.launchwrapper.Launch.main(Launch.java:28) [launchwrapper-1.12.jar:?]
	at net.minecraftforge.gradle.GradleStartCommon.launch(Unknown Source) [start/:?]
	at GradleStart.main(Unknown Source) [start/:?]
[14:38:56] [Server thread/INFO]: Saving and pausing game...
[14:38:56] [Server thread/INFO]: Saving chunks for level 'Test-Lithium'/Overworld
[14:38:56] [Server thread/INFO]: Saving chunks for level 'Test-Lithium'/Nether
[14:38:56] [Server thread/INFO]: Saving chunks for level 'Test-Lithium'/The End
[14:38:58] [Client thread/INFO]: Stopping!
[14:38:58] [Server thread/INFO]: Stopping server
[14:38:58] [Server thread/INFO]: Saving players
[14:38:58] [Server thread/INFO]: Saving worlds
[14:38:58] [Server thread/INFO]: Saving chunks for level 'Test-Lithium'/Overworld
[14:38:58] [Server thread/INFO]: Saving chunks for level 'Test-Lithium'/Nether
[14:38:58] [Server thread/INFO]: Saving chunks for level 'Test-Lithium'/The End
[14:52:53] [main/INFO]: Setting user: Player509
[14:52:58] [Client thread/INFO]: LWJGL Version: 2[14:53:00] [Client thread/INFO]: LWJGL Version: 2.9.1
