:compileApiJava UP-TO-DATE
:processApiResources UP-TO-DATE
:apiClasses UP-TO-DATE
:sourceMainJava UP-TO-DATE
:compileJava UP-TO-DATE
:processResources UP-TO-DATE
:classes UP-TO-DATE
:jar
:compileTestJava UP-TO-DATE
:processTestResources UP-TO-DATE
:testClasses UP-TO-DATE
:test UP-TO-DATE
:extractMcpData UP-TO-DATE
:getVersionJson
:extractUserDev UP-TO-DATE
:genSrgs SKIPPED
:reobf
:obfJar
Note: there were 768 duplicate class definitions.
      (http://proguard.sourceforge.net/manual/troubleshooting.html#duplicateclass)
:obfOutput
:assemble
:check UP-TO-DATE
:build

BUILD SUCCESSFUL

Total time: 12.146 secs
